==============================================================================
RobotFramework                                                                
==============================================================================
RobotFramework.Tests                                                          
==============================================================================
RobotFramework.Tests.testDemo6 :: To validate the Login form                  
==============================================================================
Validate UnSuccesful Login                                            | PASS |
------------------------------------------------------------------------------
End to end ecommerce Product validation                               | PASS |
------------------------------------------------------------------------------
Select the Form and navigate to Child window                          | PASS |
------------------------------------------------------------------------------
RobotFramework.Tests.testDemo6 :: To validate the Login form          | PASS |
3 tests, 3 passed, 0 failed
==============================================================================
RobotFramework.Tests                                                  | PASS |
3 tests, 3 passed, 0 failed
==============================================================================
RobotFramework                                                        | PASS |
3 tests, 3 passed, 0 failed
==============================================================================
Output:  C:\Users\12011\PycharmProjects\RobotFramework\pabot_results\4\output.xml
